<component name="libraryTable">
  <library name="junit-4.13-beta-3">
    <CLASSES>
      <root url="jar://$PROJECT_DIR$/.idea/junit-4.13-beta-3.jar!/" />
    </CLASSES>
    <JAVADOC />
    <SOURCES />
  </library>
</component>